"../../../../UE-Projects/ForkliftBase/Content/StarterContent/Materials/M_Basic_Wall.uasset" 0
"../../../../UE-Projects/ForkliftBase/Content/StarterContent/Architecture/Pillar_50x500.uasset" 1
"../../../../UE-Projects/ForkliftBase/Content/StarterContent/Architecture/Wall_400x300.uasset" 2
"../../../../UE-Projects/ForkliftBase/Content/StarterContent/Architecture/Wall_400x400.uasset" 3
"../../../../UE-Projects/ForkliftBase/Content/StarterContent/Architecture/Wall_Door_400x400.uasset" 4
"../../../../UE-Projects/ForkliftBase/Content/StarterContent/Architecture/Wall_Window_400x400.uasset" 5
"../../../../UE-Projects/ForkliftBase/Content/StarterContent/Audio/Collapse01.uasset" 6
"../../../../UE-Projects/ForkliftBase/Content/StarterContent/Audio/Collapse02.uasset" 7
"../../../../UE-Projects/ForkliftBase/Content/StarterContent/Audio/Explosion01.uasset" 8
"../../../../UE-Projects/ForkliftBase/Content/StarterContent/Audio/Explosion02.uasset" 9
"../../../../UE-Projects/ForkliftBase/Content/StarterContent/Audio/Fire01.uasset" 10
"../../../../UE-Projects/ForkliftBase/Content/StarterContent/Audio/Fire_Sparks01.uasset" 11
"../../../../UE-Projects/ForkliftBase/Content/StarterContent/Audio/Light01.uasset" 12
"../../../../UE-Projects/ForkliftBase/Content/StarterContent/Audio/Light01_Cue.uasset" 13
"../../../../UE-Projects/ForkliftBase/Content/StarterContent/Audio/Light02.uasset" 14
"../../../../UE-Projects/ForkliftBase/Content/StarterContent/Audio/Light02_Cue.uasset" 15
"../../../../UE-Projects/ForkliftBase/Content/StarterContent/Audio/Smoke01.uasset" 16
"../../../../UE-Projects/ForkliftBase/Content/StarterContent/Audio/Starter_Birds01.uasset" 17
"../../../../UE-Projects/ForkliftBase/Content/StarterContent/Audio/Starter_Music01.uasset" 18
"../../../../UE-Projects/ForkliftBase/Content/StarterContent/Audio/Starter_Wind05.uasset" 19
"../../../../UE-Projects/ForkliftBase/Content/StarterContent/Audio/Starter_Wind06.uasset" 20
"../../../../UE-Projects/ForkliftBase/Content/StarterContent/Audio/Steam01.uasset" 21
"../../../../UE-Projects/ForkliftBase/Content/StarterContent/Audio/Explosion_Cue.uasset" 22
"../../../../UE-Projects/ForkliftBase/Content/StarterContent/Textures/T_Smoke_Tiled_D.uasset" 23
"../../../../UE-Projects/ForkliftBase/Content/StarterContent/Textures/T_Smoke_SubUV.uasset" 24
"../../../../UE-Projects/ForkliftBase/Content/StarterContent/Particles/Materials/M_smoke_subUV.uasset" 25
"../../../Engine/Content/Functions/Engine_MaterialFunctions01/Gradient/RadialGradient.uasset" 26
"../../../../UE-Projects/ForkliftBase/Content/StarterContent/Particles/Materials/M_radial_ramp.uasset" 27
"../../../../UE-Projects/ForkliftBase/Content/StarterContent/Particles/Materials/m_flare_01.uasset" 28
"../../../../UE-Projects/ForkliftBase/Content/StarterContent/Textures/T_Explosion_SubUV.uasset" 29
"../../../../UE-Projects/ForkliftBase/Content/StarterContent/Particles/Materials/M_explosion_subUV.uasset" 30
"../../../../UE-Projects/ForkliftBase/Content/StarterContent/Textures/T_Burst_M.uasset" 31
"../../../../UE-Projects/ForkliftBase/Content/StarterContent/Particles/Materials/M_Burst.uasset" 32
"../../../../UE-Projects/ForkliftBase/Content/StarterContent/Particles/P_Explosion.uasset" 33
"../../../../UE-Projects/ForkliftBase/Content/StarterContent/Blueprints/Blueprint_Effect_Explosion.uasset" 34
"../../../Engine/Content/EditorMeshes/ColorCalibrator/T_ColorGrid.uasset" 35
"../../../../UE-Projects/ForkliftBase/Content/StarterContent/Materials/M_ColorGrid_LowSpec.uasset" 36
"../../../../UE-Projects/ForkliftBase/Content/StarterContent/Textures/T_Bush_N.uasset" 37
"../../../../UE-Projects/ForkliftBase/Content/StarterContent/Textures/T_Bush_D.uasset" 38
"../../../../UE-Projects/ForkliftBase/Content/StarterContent/Props/Materials/M_Bush.uasset" 39
"../../../../UE-Projects/ForkliftBase/Content/StarterContent/Props/SM_Bush.uasset" 40
"../../../../UE-Projects/ForkliftBase/Content/StarterContent/Textures/T_Chair_N.uasset" 41
"../../../../UE-Projects/ForkliftBase/Content/StarterContent/Textures/T_Chair_M.uasset" 42
"../../../../UE-Projects/ForkliftBase/Content/StarterContent/Props/Materials/M_Chair.uasset" 43
"../../../../UE-Projects/ForkliftBase/Content/StarterContent/Props/SM_Couch.uasset" 44
"../../../../UE-Projects/ForkliftBase/Content/StarterContent/Textures/T_Door_N.uasset" 45
"../../../../UE-Projects/ForkliftBase/Content/StarterContent/Textures/T_Door_M.uasset" 46
"../../../../UE-Projects/ForkliftBase/Content/StarterContent/Props/Materials/M_Door.uasset" 47
"../../../../UE-Projects/ForkliftBase/Content/StarterContent/Materials/M_Glass.uasset" 48
"../../../../UE-Projects/ForkliftBase/Content/StarterContent/Props/SM_Door.uasset" 49
"../../../../UE-Projects/ForkliftBase/Content/StarterContent/Props/Materials/M_MaterialSphere_Plain.uasset" 50
"../../../../UE-Projects/ForkliftBase/Content/StarterContent/Props/Materials/M_MaterialSphere.uasset" 51
"../../../../UE-Projects/ForkliftBase/Content/StarterContent/Props/SM_MatPreviewMesh_02.uasset" 52
"../../../Engine/Content/Functions/Engine_MaterialFunctions02/Utility/BlendAngleCorrectedNormals.uasset" 53
"../../../../UE-Projects/ForkliftBase/Content/StarterContent/Textures/T_RockMesh_N.uasset" 54
"../../../../UE-Projects/ForkliftBase/Content/StarterContent/Textures/T_RockMesh_M.uasset" 55
"../../../../UE-Projects/ForkliftBase/Content/StarterContent/Textures/T_Detail_Rocky_N.uasset" 56
"../../../../UE-Projects/ForkliftBase/Content/StarterContent/Textures/T_Rock_Basalt_D.uasset" 57
"../../../../UE-Projects/ForkliftBase/Content/StarterContent/Props/Materials/M_Rock.uasset" 58
"../../../../UE-Projects/ForkliftBase/Content/StarterContent/Props/SM_Rock.uasset" 59
"../../../../UE-Projects/ForkliftBase/Content/StarterContent/Textures/T_Shelf_N.uasset" 60
"../../../../UE-Projects/ForkliftBase/Content/StarterContent/Textures/T_Shelf_M.uasset" 61
"../../../../UE-Projects/ForkliftBase/Content/StarterContent/Props/Materials/M_Shelf.uasset" 62
"../../../../UE-Projects/ForkliftBase/Content/StarterContent/Props/SM_Shelf.uasset" 63
"../../../../UE-Projects/ForkliftBase/Content/StarterContent/Materials/M_Basic_Floor.uasset" 64
"../../../../UE-Projects/ForkliftBase/Content/StarterContent/Props/SM_Stairs.uasset" 65
"../../../../UE-Projects/ForkliftBase/Content/StarterContent/Shapes/Shape_Cone.uasset" 66
"../../../../UE-Projects/ForkliftBase/Content/StarterContent/Shapes/Shape_Cylinder.uasset" 67
"../../../../UE-Projects/ForkliftBase/Content/StarterContent/Shapes/Shape_NarrowCapsule.uasset" 68
"../../../../UE-Projects/ForkliftBase/Content/StarterContent/Shapes/Shape_Pipe.uasset" 69
"../../../../UE-Projects/ForkliftBase/Content/StarterContent/Shapes/Shape_Pipe_180.uasset" 70
"../../../../UE-Projects/ForkliftBase/Content/StarterContent/Shapes/Shape_Pipe_90.uasset" 71
"../../../../UE-Projects/ForkliftBase/Content/StarterContent/Shapes/Shape_Plane.uasset" 72
"../../../../UE-Projects/ForkliftBase/Content/StarterContent/Shapes/Shape_Torus.uasset" 73
"../../../../UE-Projects/ForkliftBase/Content/StarterContent/Shapes/Shape_Trim.uasset" 74
"../../../../UE-Projects/ForkliftBase/Content/StarterContent/Shapes/Shape_Trim_90_In.uasset" 75
"../../../../UE-Projects/ForkliftBase/Content/StarterContent/Shapes/Shape_Trim_90_Out.uasset" 76
"../../../../UE-Projects/ForkliftBase/Content/StarterContent/Shapes/Shape_TriPyramid.uasset" 77
"../../../../UE-Projects/ForkliftBase/Content/StarterContent/Shapes/Shape_Tube.uasset" 78
"../../../../UE-Projects/ForkliftBase/Content/StarterContent/Shapes/Shape_Wedge_A.uasset" 79
"../../../../UE-Projects/ForkliftBase/Content/StarterContent/Shapes/Shape_Wedge_B.uasset" 80
"../../../../UE-Projects/ForkliftBase/Content/StarterContent/Shapes/Shape_WideCapsule.uasset" 81
"../../../Engine/Content/Animation/DefaultAnimBoneCompressionSettings.uasset" 82
"../../../Engine/Content/Animation/DefaultAnimCurveCompressionSettings.uasset" 83
"../../../Engine/Content/EngineMaterials/T_Default_Material_Grid_N.uasset" 84
"../../../Engine/Content/EngineMaterials/T_Default_Material_Grid_M.uasset" 85
"../../../Engine/Content/Functions/Engine_MaterialFunctions01/Opacity/CameraDepthFade.uasset" 86
"../../../Engine/Content/EngineMaterials/WorldGridMaterial.uasset" 87
"../../../Engine/Content/ArtTools/RenderToTexture/Meshes/S_1_Unit_Plane.uasset" 88
"../../../Engine/Content/EngineMaterials/DefaultMaterial.uasset" 89
"../../../Engine/Content/BasicShapes/Cone.uasset" 90
"../../../Engine/Content/BasicShapes/Cube.uasset" 91
"../../../Engine/Content/BasicShapes/Plane.uasset" 92
"../../../Engine/Content/BasicShapes/Sphere.uasset" 93
"../../../Engine/Content/EditorLandscapeResources/DataLayer.uasset" 94
"../../../Engine/Content/EditorLandscapeResources/DefaultAlphaTexture.uasset" 95
"../../../Engine/Content/EditorMaterials/MAT_Groups_Toggle.uasset" 96
"../../../Engine/Content/EditorMaterials/MAT_Groups_Visibility.uasset" 97
"../../../Engine/Content/EditorMaterials/PreviewShadowIndicator.uasset" 98
"../../../Engine/Content/EditorMaterials/PreviewShadowIndicatorMaterial.uasset" 99
"../../../Engine/Content/EditorMaterials/MatineeGroups/MAT_ColorTrack.uasset" 100
"../../../Engine/Content/EditorMaterials/MatineeGroups/MAT_Groups_Anim.uasset" 101
"../../../Engine/Content/EditorMaterials/MatineeGroups/MAT_Groups_AudioMaster.uasset" 102
"../../../Engine/Content/EditorMaterials/MatineeGroups/MAT_Groups_Director.uasset" 103
"../../../Engine/Content/EditorMaterials/MatineeGroups/MAT_Groups_Event.uasset" 104
"../../../Engine/Content/EditorMaterials/MatineeGroups/MAT_Groups_Fade.uasset" 105
"../../../Engine/Content/EditorMaterials/MatineeGroups/MAT_Groups_Float.uasset" 106
"../../../Engine/Content/EditorMaterials/MatineeGroups/MAT_Groups_Move.uasset" 107
"../../../Engine/Content/EditorMaterials/MatineeGroups/MAT_Groups_Slomo.uasset" 108
"../../../Engine/Content/EditorMaterials/MatineeGroups/MAT_Groups_Sound.uasset" 109
"../../../Engine/Content/EditorMaterials/MatineeGroups/MAT_Groups_Vector.uasset" 110
"../../../Engine/Content/EditorMaterials/ParticleSystems/PSysThumbnail_NoImage.uasset" 111
"../../../Engine/Content/EditorMaterials/ParticleSystems/PSysThumbnail_OOD.uasset" 112
"../../../Engine/Content/EditorMaterials/Camera/CineMat.uasset" 113
"../../../Engine/Content/EditorMaterials/Camera/MI_CineMat_Rig.uasset" 114
"../../../Engine/Content/EditorMeshes/Camera/SM_CraneRig_Arm.uasset" 115
"../../../Engine/Content/EditorMeshes/Camera/SM_CraneRig_Base.uasset" 116
"../../../Engine/Content/EditorMeshes/Camera/SM_CraneRig_Body.uasset" 117
"../../../Engine/Content/EditorMeshes/Camera/SM_CraneRig_Mount.uasset" 118
"../../../Engine/Content/EditorMeshes/Camera/SM_RailRig_Mount.uasset" 119
"../../../Engine/Content/EditorMeshes/Camera/SM_RailRig_Track.uasset" 120
"../../../Engine/Content/EditorResources/BSPVertex.uasset" 121
"../../../Engine/Content/EditorResources/EmptyActor.uasset" 122
"../../../Engine/Content/EditorResources/S_Actor.uasset" 123
"../../../Engine/Content/EditorResources/S_Note.uasset" 124
"../../../Engine/Content/EditorResources/S_Solver.uasset" 125
"../../../Engine/Content/EditorResources/S_Terrain.uasset" 126
"../../../Engine/Content/EditorResources/S_Trigger.uasset" 127
"../../../Engine/Content/EditorResources/AudioIcons/S_AudioComponent.uasset" 128
"../../../Engine/Content/EditorResources/AudioIcons/S_AudioComponent_AutoActivate.uasset" 129
"../../../Engine/Content/EditorResources/LightIcons/S_LightError.uasset" 130
"../../../Engine/Content/EditorResources/SequenceRecorder/Countdown.uasset" 131
"../../../Engine/Content/EditorResources/SequenceRecorder/RecordingIndicator.uasset" 132
"../../../Engine/Content/EngineDamageTypes/DmgTypeBP_Environmental.uasset" 133
"../../../Engine/Content/EngineDebugMaterials/DebugEditorMaterial.uasset" 134
"../../../Engine/Content/EngineDebugMaterials/DebugMeshMaterial.uasset" 135
"../../../Engine/Content/EngineDebugMaterials/M_SimpleUnlitTranslucent.uasset" 136
"../../../Engine/Content/EngineDebugMaterials/VolumeToRender.uasset" 137
"../../../Engine/Content/Functions/Engine_MaterialFunctions02/Utility/CameraDirectionVector.uasset" 138
"../../../Engine/Content/EngineDebugMaterials/M_VolumeRenderSphereTracePP.uasset" 139
"../../../Engine/Content/Functions/Engine_MaterialFunctions01/Shading/ConvertFromDiffSpec.uasset" 140
"../../../Engine/Content/EngineDebugMaterials/VertexColorMaterial.uasset" 141
"../../../Engine/Content/EngineDebugMaterials/WireframeMaterial.uasset" 142
"../../../Engine/Content/EngineFonts/Faces/RobotoRegular.uasset" 143
"../../../Engine/Content/EngineFonts/Faces/RobotoLight.uasset" 144
"../../../Engine/Content/EngineFonts/Faces/RobotoItalic.uasset" 145
"../../../Engine/Content/EngineFonts/Faces/RobotoBoldItalic.uasset" 146
"../../../Engine/Content/EngineFonts/Faces/RobotoBold.uasset" 147
"../../../Engine/Content/EngineFonts/Faces/DroidSansFallback.uasset" 148
"../../../Engine/Content/EngineFonts/Roboto.uasset" 149
"../../../Engine/Content/EngineMaterials/BaseFlattenNormalMap.uasset" 150
"../../../Engine/Content/EngineMaterials/BaseFlattenGrayscaleMap.uasset" 151
"../../../Engine/Content/EngineMaterials/BaseFlattenEmissiveMap.uasset" 152
"../../../Engine/Content/EngineMaterials/BaseFlattenDiffuseMap.uasset" 153
"../../../Engine/Content/EngineMaterials/BaseFlattenMaterial.uasset" 154
"../../../Engine/Content/EngineMaterials/BlueNoise.uasset" 155
"../../../Engine/Content/EngineMaterials/DefaultBloomKernel.uasset" 156
"../../../Engine/Content/EngineMaterials/DefaultBokeh.uasset" 157
"../../../Engine/Content/EngineMaterials/DefaultDiffuse.uasset" 158
"../../../Engine/Content/EngineMaterials/DefaultDeferredDecalMaterial.uasset" 159
"../../../Engine/Content/EngineMaterials/DefaultLightFunctionMaterial.uasset" 160
"../../../Engine/Content/EngineMaterials/DefaultPhysicalMaterial.uasset" 161
"../../../Engine/Content/Functions/Engine_MaterialFunctions02/Utility/BreakOutFloat2Components.uasset" 162
"../../../Engine/Content/EngineMaterials/DefaultPostProcessMaterial.uasset" 163
"../../../Engine/Content/EngineFonts/RobotoDistanceField.uasset" 164
"../../../Engine/Content/EngineMaterials/DefaultTextMaterialOpaque.uasset" 165
"../../../Engine/Content/EngineMaterials/DefaultWhiteGrid.uasset" 166
"../../../Engine/Content/EngineMaterials/DefaultWhiteGrid_Low.uasset" 167
"../../../Engine/Content/EngineMaterials/EmissiveMeshMaterial.uasset" 168
"../../../Engine/Content/EngineMaterials/GizmoMaterial.uasset" 169
"../../../Engine/Content/EngineMaterials/Good64x64TilingNoiseHighFreq.uasset" 170
"../../../Engine/Content/EngineMaterials/MiniFont.uasset" 171
"../../../Engine/Content/EngineMaterials/InvalidLightmapSettings.uasset" 172
"../../../Engine/Content/EngineMaterials/M_InvalidLightmapSettings.uasset" 173
"../../../Engine/Content/Functions/Engine_MaterialFunctions02/WorldPositionOffset/CameraOffset.uasset" 174
"../../../Engine/Content/EngineMaterials/PhAT_JointLimitMaterial.uasset" 175
"../../../Engine/Content/EngineMaterials/PreintegratedSkinBRDF.uasset" 176
"../../../Engine/Content/EngineMaterials/RemoveSurfaceMaterial.uasset" 177
"../../../Engine/Content/EngineMaterials/WeightMapPlaceholderTexture.uasset" 178
"../../../Engine/Content/EngineResources/WhiteSquareTexture.uasset" 179
"../../../Engine/Content/EngineMaterials/Widget3DPassThrough.uasset" 180
"../../../Engine/Content/EngineMaterials/Widget3DPassThrough_Masked.uasset" 181
"../../../Engine/Content/EngineMaterials/Widget3DPassThrough_Opaque.uasset" 182
"../../../Engine/Content/EngineMaterials/Widget3DPassThrough_Masked_OneSided.uasset" 183
"../../../Engine/Content/EngineMaterials/Widget3DPassThrough_Opaque_OneSided.uasset" 184
"../../../Engine/Content/EngineMaterials/Widget3DPassThrough_Translucent.uasset" 185
"../../../Engine/Content/EngineMaterials/Widget3DPassThrough_Translucent_OneSided.uasset" 186
"../../../Engine/Content/EngineMeshes/Cylinder.uasset" 187
"../../../Engine/Content/EngineMeshes/Sphere.uasset" 188
"../../../Engine/Content/EngineResources/Black.uasset" 189
"../../../Engine/Content/EngineResources/DefaultTextureCube.uasset" 190
"../../../Engine/Content/EngineResources/DefaultVolumeTexture2D.uasset" 191
"../../../Engine/Content/EngineResources/DefaultVolumeTexture.uasset" 192
"../../../Engine/Content/EngineResources/GradientTexture0.uasset" 193
"../../../Engine/Content/EngineSky/VolumetricClouds/T_NoiseShape64.uasset" 194
"../../../Engine/Content/EngineSky/VolumetricClouds/T_VolumeNoiseShape64.uasset" 195
"../../../Engine/Content/EngineSky/VolumetricClouds/T_NoiseErosion.uasset" 196
"../../../Engine/Content/EngineSky/VolumetricClouds/T_VolumeNoiseErosion32.uasset" 197
"../../../Engine/Content/EngineSky/VolumetricClouds/CloudWeatherTexture.uasset" 198
"../../../Engine/Content/EngineSky/VolumetricClouds/CloudGradientTexture.uasset" 199
"../../../Engine/Content/Functions/Engine_MaterialFunctions02/Utility/MakeFloat2.uasset" 200
"../../../Engine/Content/EngineSky/VolumetricClouds/m_SimpleVolumetricCloud.uasset" 201
"../../../Engine/Content/EngineSky/VolumetricClouds/m_SimpleVolumetricCloud_Inst.uasset" 202
"../../../Engine/Content/EngineSounds/Master.uasset" 203
"../../../Engine/Content/Functions/Engine_MaterialFunctions01/Shading/PowerToRoughness.uasset" 204
"../../../Engine/Content/Maps/Templates/Thumbnails/Default.uasset" 205
"../../../Engine/Content/Maps/Templates/Thumbnails/TimeOfDay.uasset" 206
"../../../Engine/Content/Maps/Templates/Thumbnails/VR-Basic.uasset" 207
"../../../Engine/Content/MobileResources/T_MobileControls_texture.uasset" 208
"../../../Engine/Content/MobileResources/T_MobileMenu2.uasset" 209
"../../../Engine/Content/MobileResources/HUD/AnalogHat.uasset" 210
"../../../Engine/Content/MobileResources/HUD/VirtualJoystick_Thumb.uasset" 211
"../../../Engine/Content/MobileResources/HUD/VirtualJoystick_Background.uasset" 212
"../../../Engine/Content/MobileResources/HUD/DefaultVirtualJoysticks.uasset" 213
"../../../Engine/Content/MobileResources/HUD/LeftVirtualJoystickOnly.uasset" 214
"../../../Engine/Content/MobileResources/HUD/MobileHUDButton1_off.uasset" 215
"../../../Engine/Content/MobileResources/HUD/MobileHUDButton1_on.uasset" 216
"../../../Engine/Content/MobileResources/HUD/MobileHUDButton2_off.uasset" 217
"../../../Engine/Content/MobileResources/HUD/MobileHUDButton2_on.uasset" 218
"../../../Engine/Content/MobileResources/HUD/MobileHUDButton3.uasset" 219
"../../../Engine/Content/MobileResources/HUD/MobileHUDButtonFire.uasset" 220
"../../../Engine/Content/MobileResources/HUD/MobileHUDDirectionPad.uasset" 221
"../../../Engine/Content/MobileResources/HUD/MobileHUDDirectionPad2.uasset" 222
"../../../Engine/Content/MobileResources/HUD/MobileHUDDirectionPad3.uasset" 223
"../../../Engine/Content/MobileResources/HUD/MobileHUDDirectionStick.uasset" 224
"../../../Engine/Content/MobileResources/HUD/T_Castle_ThumbstickInner.uasset" 225
"../../../Engine/Content/MobileResources/HUD/T_Castle_ThumbstickOutter.uasset" 226
"../../../Engine/Content/Tutorial/ContentIntroCurve.uasset" 227
"../../../Engine/Content/Tutorial/Basics/LevelEditorAttract.uasset" 228
"../../../Engine/Content/Tutorial/Basics/TutorialAssets/icon_tab_Levels_40x.uasset" 229
"../../../Engine/Content/Tutorial/Basics/LevelEditorOverview.uasset" 230
"../../../Engine/Content/VREditor/TransformGizmo/TranslucentTransformGizmoMaterial.uasset" 231
"../../../Engine/Content/VREditor/LaserPointer/VR_LaserPower_01.uasset" 232
"../../../Engine/Content/VREditor/TransformGizmo/TransformGizmoMaterial.uasset" 233
"../../../Engine/Content/VREditor/TransformGizmo/BoundingBoxCorner.uasset" 234
"../../../Engine/Content/VREditor/TransformGizmo/BoundingBoxEdge.uasset" 235
"../../../Engine/Content/VREditor/TransformGizmo/PlaneTranslationHandle.uasset" 236
"../../../Engine/Content/VREditor/TransformGizmo/Xray.uasset" 237
"../../../Engine/Content/VREditor/TransformGizmo/Main.uasset" 238
"../../../Engine/Content/VREditor/TransformGizmo/SM_Sequencer_Key.uasset" 239
"../../../Engine/Content/VREditor/TransformGizmo/SM_Sequencer_Node.uasset" 240
"../../Plugins/2D/Paper2D/Content/PlaceholderTextures/DummySpriteTexture.uasset" 241
"../../Plugins/2D/Paper2D/Content/DummySprite.uasset" 242
"../../Plugins/2D/Paper2D/Content/DefaultPaperTerrainMaterial.uasset" 243
"../../Plugins/2D/Paper2D/Content/DefaultSpriteMaterial.uasset" 244
"../../Plugins/2D/Paper2D/Content/MaskedUnlitSpriteMaterial.uasset" 245
"../../Plugins/2D/Paper2D/Content/OpaqueUnlitSpriteMaterial.uasset" 246
"../../../Engine/Content/BasicShapes/Cylinder.uasset" 247
"../../../Engine/Content/ArtTools/RenderToTexture/Materials/Debug/M_Emissive_Color.uasset" 248
"../../Plugins/Lumin/MagicLeapPassableWorld/Content/MagicLeapARPinInfoActor.uasset" 249
"../../../Engine/Content/Functions/Engine_MaterialFunctions02/Utility/BreakOutFloat3Components.uasset" 250
"../../Plugins/Editor/SpeedTreeImporter/Content/SpeedTree9/UnpackInteger3.uasset" 251
"../../Plugins/Editor/SpeedTreeImporter/Content/SpeedTree9/UnpackDirection.uasset" 252
"../../Plugins/Editor/SpeedTreeImporter/Content/SpeedTree9/game_wind_noise.uasset" 253
"../../../Engine/Content/Functions/Engine_MaterialFunctions02/SafeNormalize.uasset" 254
"../../Plugins/Editor/SpeedTreeImporter/Content/SpeedTree9/SpeedTreeWindMotion.uasset" 255
"../../Plugins/Editor/SpeedTreeImporter/Content/SpeedTree9/SpeedTreeBranchMotion.uasset" 256
"../../../Engine/Content/Functions/Engine_MaterialFunctions02/ObjectLocalBounds.uasset" 257
"../../../Engine/Content/Functions/Engine_MaterialFunctions02/UVs/BoundingBoxBased_0-1_UVW.uasset" 258
"../../Plugins/Editor/SpeedTreeImporter/Content/SpeedTree9/SpeedTreeWind.uasset" 259
"../../Plugins/Editor/SpeedTreeImporter/Content/SpeedTree9/SpeedTreeBillboard.uasset" 260
"../../../Engine/Content/EngineResources/DefaultTexture.uasset" 261
"../../Plugins/Editor/SpeedTreeImporter/Content/SpeedTree9/SpeedTreeBillboardMaster.uasset" 262
"../../Plugins/Editor/SpeedTreeImporter/Content/SpeedTree9/SpeedTreeCameraFacing.uasset" 263
"../../Plugins/Editor/SpeedTreeImporter/Content/SpeedTree9/SpeedTreeMaster.uasset" 264
"../../../Engine/Content/Functions/Engine_MaterialFunctions02/Utility/BreakOutFloat4Components.uasset" 265
"../../../Engine/Content/Functions/Engine_MaterialFunctions02/Utility/MakeFloat3.uasset" 266
"../../Plugins/Runtime/Oculus/OculusVR/Content/Materials/OculusMR_ChromaKey.uasset" 267
"../../Plugins/Runtime/Oculus/OculusVR/Content/Materials/OculusMR_OpaqueColoredMaterial.uasset" 268
"../../Plugins/Runtime/Oculus/OculusVR/Content/Materials/PokeAHoleMaterial.uasset" 269
"../../../../UE-Projects/ForkliftBase/Content/StarterContent/Materials/M_AssetPlatform.uasset" 270
"../../../../UE-Projects/ForkliftBase/Content/StarterContent/Architecture/SM_AssetPlatform.uasset" 271
"../../../../UE-Projects/ForkliftBase/Content/StarterContent/Maps/Advanced_Lighting_BuiltData.uasset" 272
"../../../../UE-Projects/ForkliftBase/Content/StarterContent/Blueprints/Assets/FogBrightnessLUT.uasset" 273
"../../../../UE-Projects/ForkliftBase/Content/StarterContent/Blueprints/Assets/SunlightColorLUT.uasset" 274
"../../../../UE-Projects/ForkliftBase/Content/StarterContent/Blueprints/Assets/M_LightStage_Arrows.uasset" 275
"../../../Engine/Content/MapTemplates/Sky/DaylightAmbientCubemap.uasset" 276
"../../../../UE-Projects/ForkliftBase/Content/StarterContent/Blueprints/Assets/M_LightStage_Skybox_Master.uasset" 277
"../../../../UE-Projects/ForkliftBase/Content/StarterContent/Blueprints/Assets/M_LightStage_Skybox_Black.uasset" 278
"../../../../UE-Projects/ForkliftBase/Content/StarterContent/Blueprints/Assets/M_LightStage_Skybox_HDRI.uasset" 279
"../../../Engine/Content/EditorMaterials/Thumbnails/SkySphereMaterial.uasset" 280
"../../../../UE-Projects/ForkliftBase/Content/StarterContent/Blueprints/Assets/Skybox.uasset" 281
"../../../../UE-Projects/ForkliftBase/Content/StarterContent/Blueprints/Assets/SM_Arrows.uasset" 282
"../../../../UE-Projects/ForkliftBase/Content/StarterContent/HDRI/HDRI_Epic_Courtyard_Daylight.uasset" 283
"../../../../UE-Projects/ForkliftBase/Content/StarterContent/Blueprints/BP_LightStudio.uasset" 284
"../../../Engine/Content/EditorMeshes/ColorCalibrator/M_GreyBall.uasset" 285
"../../../Engine/Content/EditorMeshes/ColorCalibrator/Color_checker.uasset" 286
"../../../Engine/Content/EditorMeshes/ColorCalibrator/M_ColorGrid.uasset" 287
"../../../Engine/Content/EditorMeshes/ColorCalibrator/M_ClearCoatBlack.uasset" 288
"../../../Engine/Content/EditorMeshes/ColorCalibrator/M_ClearCoat.uasset" 289
"../../../Engine/Content/EditorMeshes/ColorCalibrator/M_ChromeBall.uasset" 290
"../../../Engine/Content/EditorMeshes/ColorCalibrator/SM_ColorCalibrator.uasset" 291
"../../../../UE-Projects/ForkliftBase/Content/StarterContent/Maps/Advanced_Lighting.umap" 292
"../../../Engine/Content/EditorBlueprintResources/StandardMacros.uasset" 293
"../../../../UE-Projects/ForkliftBase/Content/Blueprints/Data/ML_Ob_MacroLibrary.uasset" 294
"../../../../UE-Projects/ForkliftBase/Content/Blueprints/Data/Virtual_AC_RunAction.uasset" 295
"../../../../UE-Projects/ForkliftBase/Content/Blueprints/Data/BP_FunctionLibrary.uasset" 296
"../../../../UE-Projects/ForkliftBase/Content/Blueprints/Data/BPI_GamePlay.uasset" 297
"../../../../UE-Projects/ForkliftBase/Content/Blueprints/GamePlay/AC_SitInCar.uasset" 298
"../../../../UE-Projects/ForkliftBase/Content/Textures/T_PlasticPallet01_ORM.uasset" 299
"../../../../UE-Projects/ForkliftBase/Content/Textures/T_PlasticPallet01_N.uasset" 300
"../../../../UE-Projects/ForkliftBase/Content/Textures/T_PlasticPallet01_BC.uasset" 301
"../../../../UE-Projects/ForkliftBase/Content/Textures/T_ConcretePillar01_ORM.uasset" 302
"../../../../UE-Projects/ForkliftBase/Content/Textures/T_ConcretePillar01_N.uasset" 303
"../../../../UE-Projects/ForkliftBase/Content/Textures/T_ConcretePillar01_BC.uasset" 304
"../../../Engine/Content/Functions/Engine_MaterialFunctions02/Texturing/CustomRotator.uasset" 305
"../../../../UE-Projects/ForkliftBase/Content/Materials/M_ConcretePillar01_Master.uasset" 306
"../../../../UE-Projects/ForkliftBase/Content/Materials/MI_PlasticPallet01.uasset" 307
"../../../../UE-Projects/ForkliftBase/Content/Meshes/SM_PlasticPallet01.uasset" 308
"../../../../UE-Projects/ForkliftBase/Content/SM_PlasticPallet01_Blueprint.uasset" 309
"../../../../UE-Projects/ForkliftBase/Content/Blueprints/UI/W_ActionHotkey.uasset" 310
"../../../../UE-Projects/ForkliftBase/Content/Blueprints/GamePlay/AC_CallAction.uasset" 311
"../../../../UE-Projects/ForkliftBase/Content/Meshes/Mannequin/Character/Mesh/UE4_Mannequin_Skeleton.uasset" 312
"../../../../UE-Projects/ForkliftBase/Content/Meshes/Mannequin/Animations/ThirdPersonWalk.uasset" 313
"../../../../UE-Projects/ForkliftBase/Content/Meshes/Mannequin/Animations/ThirdPersonRun.uasset" 314
"../../../../UE-Projects/ForkliftBase/Content/Meshes/Mannequin/Animations/ThirdPersonIdle.uasset" 315
"../../../../UE-Projects/ForkliftBase/Content/Meshes/Mannequin/Animations/ThirdPerson_IdleRun_2D.uasset" 316
"../../../../UE-Projects/ForkliftBase/Content/Meshes/Mannequin/Animations/ThirdPerson_Jump.uasset" 317
"../../../../UE-Projects/ForkliftBase/Content/Meshes/Mannequin/Animations/ThirdPersonJump_Start.uasset" 318
"../../../../UE-Projects/ForkliftBase/Content/Meshes/Mannequin/Animations/ThirdPersonJump_Loop.uasset" 319
"../../../../UE-Projects/ForkliftBase/Content/Meshes/Mannequin/Animations/ThirdPerson_AnimBP.uasset" 320
"../../../Engine/Content/Functions/Engine_MaterialFunctions01/Density/ExponentialDensity.uasset" 321
"../../../Engine/Content/Functions/Engine_MaterialFunctions01/Gradient/RadialGradientExponential.uasset" 322
"../../../../UE-Projects/ForkliftBase/Content/Blueprints/UI/M_HItPoint.uasset" 323
"../../../../UE-Projects/ForkliftBase/Content/Blueprints/UI/W_HitPoint.uasset" 324
"../../../../UE-Projects/ForkliftBase/Content/Meshes/Mannequin/Character/Textures/UE4_Mannequin_MAT_MASKA.uasset" 325
"../../../../UE-Projects/ForkliftBase/Content/Meshes/Mannequin/Character/Textures/UE4_Mannequin__normals.uasset" 326
"../../../../UE-Projects/ForkliftBase/Content/Meshes/Mannequin/Character/Materials/MaterialLayers/T_ML_Aluminum01.uasset" 327
"../../../../UE-Projects/ForkliftBase/Content/Meshes/Mannequin/Character/Materials/MaterialLayers/T_ML_Aluminum01_N.uasset" 328
"../../../../UE-Projects/ForkliftBase/Content/Meshes/Mannequin/Character/Materials/MaterialLayers/ML_SoftMetal_UE4.uasset" 329
"../../../../UE-Projects/ForkliftBase/Content/Meshes/Mannequin/Character/Textures/UE4_LOGO_CARD.uasset" 330
"../../../../UE-Projects/ForkliftBase/Content/Meshes/Mannequin/Character/Materials/MaterialLayers/ML_Plastic_Shiny_Beige_LOGO.uasset" 331
"../../../../UE-Projects/ForkliftBase/Content/Meshes/Mannequin/Character/Materials/MaterialLayers/ML_Plastic_Shiny_Beige.uasset" 332
"../../../../UE-Projects/ForkliftBase/Content/Meshes/Mannequin/Character/Materials/MaterialLayers/T_ML_Rubber_Blue_01_D.uasset" 333
"../../../../UE-Projects/ForkliftBase/Content/Meshes/Mannequin/Character/Materials/MaterialLayers/T_ML_Rubber_Blue_01_N.uasset" 334
"../../../../UE-Projects/ForkliftBase/Content/Meshes/Mannequin/Character/Materials/MaterialLayers/ML_GlossyBlack_Latex_UE4.uasset" 335
"../../../Engine/Content/Functions/MaterialLayerFunctions/MatLayerBlend_Simple.uasset" 336
"../../../Engine/Content/Functions/MaterialLayerFunctions/MatLayerBlend_NormalBlend.uasset" 337
"../../../../UE-Projects/ForkliftBase/Content/Meshes/Mannequin/Character/Materials/M_UE4Man_Body.uasset" 338
"../../../../UE-Projects/ForkliftBase/Content/Meshes/Mannequin/Character/Mesh/SK_Mannequin_PhysicsAsset.uasset" 339
"../../../../UE-Projects/ForkliftBase/Content/Meshes/Mannequin/Character/Textures/UE4Man_Logo_N.uasset" 340
"../../../../UE-Projects/ForkliftBase/Content/Meshes/Mannequin/Character/Materials/M_UE4Man_ChestLogo.uasset" 341
"../../../../UE-Projects/ForkliftBase/Content/Meshes/Mannequin/Character/Mesh/SK_Mannequin.uasset" 342
"../../../../UE-Projects/ForkliftBase/Content/Blueprints/Pawn/ThirdPersonCharacter.uasset" 343
"../../../../UE-Projects/ForkliftBase/Content/Textures/T_ForkLiftDetails_ORM.uasset" 344
"../../../../UE-Projects/ForkliftBase/Content/Textures/T_ForkLiftDetails_N.uasset" 345
"../../../../UE-Projects/ForkliftBase/Content/Textures/T_ForkLiftDetails_BC.uasset" 346
"../../../../UE-Projects/ForkliftBase/Content/Materials/MI_ForkLiftDetails.uasset" 347
"../../../../UE-Projects/ForkliftBase/Content/Textures/UI/T_Mouse_BC.uasset" 348
"../../../../UE-Projects/ForkliftBase/Content/Textures/UI/T_Keyword_BC.uasset" 349
"../../../../UE-Projects/ForkliftBase/Content/Blueprints/UI/W_OutCar.uasset" 350
"../../../../UE-Projects/ForkliftBase/Content/Blueprints/UI/W_ForkCar.uasset" 351
"../../../../UE-Projects/ForkliftBase/Content/Textures/T_ForkLift_ORM.uasset" 352
"../../../../UE-Projects/ForkliftBase/Content/Textures/T_ForkLift_N.uasset" 353
"../../../../UE-Projects/ForkliftBase/Content/Textures/T_ForkLift_Emissive.uasset" 354
"../../../../UE-Projects/ForkliftBase/Content/Textures/T_ForkLift_BC.uasset" 355
"../../../../UE-Projects/ForkliftBase/Content/Textures/T_LampSet_01_ORM.uasset" 356
"../../../../UE-Projects/ForkliftBase/Content/Textures/T_LampSet_01_N.uasset" 357
"../../../../UE-Projects/ForkliftBase/Content/Textures/T_LampSet_01_E.uasset" 358
"../../../../UE-Projects/ForkliftBase/Content/Textures/T_LampSet_01_BC.uasset" 359
"../../../../UE-Projects/ForkliftBase/Content/Materials/M_LampSet_01.uasset" 360
"../../../../UE-Projects/ForkliftBase/Content/Materials/MI_ForkLift2.uasset" 361
"../../../../UE-Projects/ForkliftBase/Content/Meshes/ForkLift/SM_Fork.uasset" 362
"../../../../UE-Projects/ForkliftBase/Content/Meshes/ForkLift/SK_ForkLift_Skeleton.uasset" 363
"../../../../UE-Projects/ForkliftBase/Content/Meshes/ForkLift/SK_ForkLift_PhysicsAsset.uasset" 364
"../../../../UE-Projects/ForkliftBase/Content/Meshes/ForkLift/SK_ForkLift.uasset" 365
"../../../../UE-Projects/ForkliftBase/Content/Meshes/ForkLift/SK_ForkLift_Skeleton_AnimBlueprint.uasset" 366
"../../../../UE-Projects/ForkliftBase/Content/Blueprints/Pawn/Cars/V_ForkLift_Back.uasset" 367
"../../../../UE-Projects/ForkliftBase/Content/new/Meshes/BP_Light.uasset" 368
"../../../Engine/Content/BasicShapes/BasicShapeMaterial.uasset" 369
"../../../../UE-Projects/ForkliftBase/Content/new/Meshes/Pallet_BP.uasset" 370
"../../../../UE-Projects/ForkliftBase/Content/Blueprints/Pawn/Cars/V_ForkLift_Front.uasset" 371
"../../../../UE-Projects/ForkliftBase/Content/Blueprints/Pawn/Cars/PW_ForkLift.uasset" 372
"../../../../UE-Projects/ForkliftBase/Content/StarterContent/Architecture/Floor_400x400.uasset" 373
"../../../../UE-Projects/ForkliftBase/Content/StarterContent/Architecture/Wall_500x500.uasset" 374
"../../../../UE-Projects/ForkliftBase/Content/StarterContent/Audio/Starter_Background_Cue.uasset" 375
"../../../../UE-Projects/ForkliftBase/Content/StarterContent/Textures/T_Statue_N.uasset" 376
"../../../../UE-Projects/ForkliftBase/Content/StarterContent/Textures/T_Statue_M.uasset" 377
"../../../../UE-Projects/ForkliftBase/Content/StarterContent/Props/Materials/M_Statue.uasset" 378
"../../../../UE-Projects/ForkliftBase/Content/StarterContent/Props/Materials/M_StatueGlass.uasset" 379
"../../../../UE-Projects/ForkliftBase/Content/StarterContent/Props/SM_Statue.uasset" 380
"../../../Engine/Content/EngineSky/T_Sky_Stars.uasset" 381
"../../../Engine/Content/EngineSky/T_Sky_Clouds_M.uasset" 382
"../../../Engine/Content/EngineSky/T_Sky_Blue.uasset" 383
"../../../../UE-Projects/ForkliftBase/Content/StarterContent/Textures/T_MacroVariation.uasset" 384
"../../../../UE-Projects/ForkliftBase/Content/StarterContent/Textures/T_Metal_Gold_N.uasset" 385
"../../../../UE-Projects/ForkliftBase/Content/StarterContent/Textures/T_Metal_Aluminum_D.uasset" 386
"../../../../UE-Projects/ForkliftBase/Content/StarterContent/Materials/M_Metal_Burnished_Steel.uasset" 387
"../../../../UE-Projects/ForkliftBase/Content/StarterContent/Materials/M_Metal_Brushed_Nickel.uasset" 388
"../../../Engine/Content/EngineSky/M_Sky_Panning_Clouds2.uasset" 389
"../../../../UE-Projects/ForkliftBase/Content/StarterContent/Maps/Minimal_Default_BuiltData.uasset" 390
"../../../Engine/Content/EngineSky/SM_SkySphere.uasset" 391
"../../../Engine/Content/EngineSky/C_Sky_Zenith_Color.uasset" 392
"../../../Engine/Content/EngineSky/C_Sky_Horizon_Color.uasset" 393
"../../../Engine/Content/EngineSky/C_Sky_Cloud_Color.uasset" 394
"../../../Engine/Content/EngineSky/BP_Sky_Sphere.uasset" 395
"../../../../UE-Projects/ForkliftBase/Content/StarterContent/Maps/Minimal_Default.umap" 396
"../../../../UE-Projects/ForkliftBase/Content/StarterContent/Architecture/Wall_400x200.uasset" 397
"../../../../UE-Projects/ForkliftBase/Content/StarterContent/Architecture/Wall_Door_400x300.uasset" 398
"../../../../UE-Projects/ForkliftBase/Content/StarterContent/Architecture/Wall_Window_400x300.uasset" 399
"../../../../UE-Projects/ForkliftBase/Content/StarterContent/Audio/Collapse_Cue.uasset" 400
"../../../../UE-Projects/ForkliftBase/Content/StarterContent/Audio/Starter_Music_Cue.uasset" 401
"../../../../UE-Projects/ForkliftBase/Content/StarterContent/Textures/T_Lamp_N.uasset" 402
"../../../../UE-Projects/ForkliftBase/Content/StarterContent/Textures/T_Lamp_M.uasset" 403
"../../../../UE-Projects/ForkliftBase/Content/StarterContent/Props/Materials/M_Lamp.uasset" 404
"../../../../UE-Projects/ForkliftBase/Content/StarterContent/Props/SM_Lamp_Ceiling.uasset" 405
"../../../../UE-Projects/ForkliftBase/Content/StarterContent/Blueprints/Blueprint_CeilingLight.uasset" 406
"../../../../UE-Projects/ForkliftBase/Content/StarterContent/Audio/Fire01_Cue.uasset" 407
"../../../../UE-Projects/ForkliftBase/Content/StarterContent/Particles/Materials/M_Radial_Gradient.uasset" 408
"../../../../UE-Projects/ForkliftBase/Content/StarterContent/Textures/T_Water_N.uasset" 409
"../../../../UE-Projects/ForkliftBase/Content/StarterContent/Particles/Materials/M_Heat_Distortion.uasset" 410
"../../../../UE-Projects/ForkliftBase/Content/StarterContent/Textures/T_Fire_Tiled_D.uasset" 411
"../../../../UE-Projects/ForkliftBase/Content/StarterContent/Textures/T_Fire_SubUV.uasset" 412
"../../../../UE-Projects/ForkliftBase/Content/StarterContent/Particles/Materials/M_Fire_SubUV.uasset" 413
"../../../../UE-Projects/ForkliftBase/Content/StarterContent/Particles/P_Fire.uasset" 414
"../../../../UE-Projects/ForkliftBase/Content/StarterContent/Blueprints/Blueprint_Effect_Fire.uasset" 415
"../../../../UE-Projects/ForkliftBase/Content/StarterContent/Audio/Smoke01_Cue.uasset" 416
"../../../../UE-Projects/ForkliftBase/Content/StarterContent/Particles/P_Smoke.uasset" 417
"../../../../UE-Projects/ForkliftBase/Content/StarterContent/Blueprints/Blueprint_Effect_Smoke.uasset" 418
"../../../../UE-Projects/ForkliftBase/Content/StarterContent/Audio/Steam01_Cue.uasset" 419
"../../../../UE-Projects/ForkliftBase/Content/StarterContent/Particles/P_Steam_Lit.uasset" 420
"../../../../UE-Projects/ForkliftBase/Content/StarterContent/Blueprints/Blueprint_Effect_Steam.uasset" 421
"../../../../UE-Projects/ForkliftBase/Content/StarterContent/Props/SM_Lamp_Wall.uasset" 422
"../../../../UE-Projects/ForkliftBase/Content/StarterContent/Blueprints/Blueprint_WallSconce.uasset" 423
"../../../../UE-Projects/ForkliftBase/Content/StarterContent/Audio/Fire_Sparks01_Cue.uasset" 424
"../../../../UE-Projects/ForkliftBase/Content/StarterContent/Textures/T_Spark_Core.uasset" 425
"../../../../UE-Projects/ForkliftBase/Content/StarterContent/Particles/Materials/M_Spark.uasset" 426
"../../../../UE-Projects/ForkliftBase/Content/StarterContent/Particles/P_Sparks.uasset" 427
"../../../../UE-Projects/ForkliftBase/Content/StarterContent/Blueprints/Blueprint_Effect_Sparks.uasset" 428
"../../../../UE-Projects/ForkliftBase/Content/StarterContent/Shapes/Shape_Sphere.uasset" 429
"../../../../UE-Projects/ForkliftBase/Content/StarterContent/Shapes/Shape_QuadPyramid.uasset" 430
"../../../../UE-Projects/ForkliftBase/Content/StarterContent/Shapes/Shape_Cube.uasset" 431
"../../../../UE-Projects/ForkliftBase/Content/StarterContent/Textures/T_Frame_N.uasset" 432
"../../../../UE-Projects/ForkliftBase/Content/StarterContent/Textures/T_Frame_M.uasset" 433
"../../../../UE-Projects/ForkliftBase/Content/StarterContent/Props/Materials/M_Frame.uasset" 434
"../../../../UE-Projects/ForkliftBase/Content/StarterContent/Props/SM_WindowFrame.uasset" 435
"../../../../UE-Projects/ForkliftBase/Content/StarterContent/Textures/T_TableRound_N.uasset" 436
"../../../../UE-Projects/ForkliftBase/Content/StarterContent/Textures/T_TableRound_M.uasset" 437
"../../../../UE-Projects/ForkliftBase/Content/StarterContent/Props/Materials/M_TableRound.uasset" 438
"../../../../UE-Projects/ForkliftBase/Content/StarterContent/Props/SM_TableRound.uasset" 439
"../../../../UE-Projects/ForkliftBase/Content/StarterContent/Props/SM_PillarFrame300.uasset" 440
"../../../../UE-Projects/ForkliftBase/Content/StarterContent/Props/SM_PillarFrame.uasset" 441
"../../../../UE-Projects/ForkliftBase/Content/StarterContent/Props/SM_GlassWindow.uasset" 442
"../../../../UE-Projects/ForkliftBase/Content/StarterContent/Props/SM_DoorFrame.uasset" 443
"../../../../UE-Projects/ForkliftBase/Content/StarterContent/Props/SM_CornerFrame.uasset" 444
"../../../../UE-Projects/ForkliftBase/Content/StarterContent/Props/SM_Chair.uasset" 445
"../../../../UE-Projects/ForkliftBase/Content/StarterContent/Props/MaterialSphere.uasset" 446
"../../../../UE-Projects/ForkliftBase/Content/StarterContent/Textures/T_Dust_Particle_D.uasset" 447
"../../../../UE-Projects/ForkliftBase/Content/StarterContent/Particles/Materials/M_Dust_Particle.uasset" 448
"../../../../UE-Projects/ForkliftBase/Content/StarterContent/Particles/P_Ambient_Dust.uasset" 449
"../../../../UE-Projects/ForkliftBase/Content/StarterContent/Textures/T_Wood_Walnut_N.uasset" 450
"../../../../UE-Projects/ForkliftBase/Content/StarterContent/Textures/T_Wood_Walnut_D.uasset" 451
"../../../../UE-Projects/ForkliftBase/Content/StarterContent/Materials/M_Wood_Walnut.uasset" 452
"../../../../UE-Projects/ForkliftBase/Content/StarterContent/Textures/T_Perlin_Noise_M.uasset" 453
"../../../../UE-Projects/ForkliftBase/Content/StarterContent/Textures/T_Wood_Pine_N.uasset" 454
"../../../../UE-Projects/ForkliftBase/Content/StarterContent/Textures/T_Wood_Pine_D.uasset" 455
"../../../../UE-Projects/ForkliftBase/Content/StarterContent/Materials/M_Wood_Pine.uasset" 456
"../../../../UE-Projects/ForkliftBase/Content/StarterContent/Textures/T_Wood_Oak_N.uasset" 457
"../../../../UE-Projects/ForkliftBase/Content/StarterContent/Textures/T_Wood_Oak_D.uasset" 458
"../../../../UE-Projects/ForkliftBase/Content/StarterContent/Materials/M_Wood_Oak.uasset" 459
"../../../Engine/Content/Functions/Engine_MaterialFunctions01/Opacity/AlphaOffset.uasset" 460
"../../../../UE-Projects/ForkliftBase/Content/StarterContent/Textures/T_Wood_Floor_Walnut_N.uasset" 461
"../../../../UE-Projects/ForkliftBase/Content/StarterContent/Textures/T_Wood_Floor_Walnut_M.uasset" 462
"../../../../UE-Projects/ForkliftBase/Content/StarterContent/Textures/T_Wood_Floor_Walnut_D.uasset" 463
"../../../../UE-Projects/ForkliftBase/Content/StarterContent/Materials/M_Wood_Floor_Walnut_Worn.uasset" 464
"../../../../UE-Projects/ForkliftBase/Content/StarterContent/Materials/M_Wood_Floor_Walnut_Polished.uasset" 465
"../../../../UE-Projects/ForkliftBase/Content/StarterContent/Textures/T_Water_M.uasset" 466
"../../../../UE-Projects/ForkliftBase/Content/StarterContent/Materials/M_Water_Ocean.uasset" 467
"../../../../UE-Projects/ForkliftBase/Content/StarterContent/Materials/M_Water_Lake.uasset" 468
"../../../../UE-Projects/ForkliftBase/Content/StarterContent/Textures/T_Tech_Panel_N.uasset" 469
"../../../../UE-Projects/ForkliftBase/Content/StarterContent/Textures/T_Tech_Panel_M.uasset" 470
"../../../../UE-Projects/ForkliftBase/Content/StarterContent/Textures/T_Metal_Steel_D.uasset" 471
"../../../../UE-Projects/ForkliftBase/Content/StarterContent/Materials/M_Tech_Panel.uasset" 472
"../../../../UE-Projects/ForkliftBase/Content/StarterContent/Textures/T_Tech_Hex_Tile_N.uasset" 473
"../../../../UE-Projects/ForkliftBase/Content/StarterContent/Textures/T_Tech_Hex_Tile_M.uasset" 474
"../../../../UE-Projects/ForkliftBase/Content/StarterContent/Materials/M_Tech_Hex_Tile_Pulse.uasset" 475
"../../../../UE-Projects/ForkliftBase/Content/StarterContent/Materials/M_Tech_Hex_Tile.uasset" 476
"../../../../UE-Projects/ForkliftBase/Content/StarterContent/Textures/T_Tech_Dot_N.uasset" 477
"../../../../UE-Projects/ForkliftBase/Content/StarterContent/Textures/T_Tech_Dot_M.uasset" 478
"../../../../UE-Projects/ForkliftBase/Content/StarterContent/Textures/T_Single_Tile_N.uasset" 479
"../../../../UE-Projects/ForkliftBase/Content/StarterContent/Textures/T_Checker_Noise_M.uasset" 480
"../../../../UE-Projects/ForkliftBase/Content/StarterContent/Materials/M_Tech_Checker_Dot.uasset" 481
"../../../../UE-Projects/ForkliftBase/Content/StarterContent/Textures/T_Rock_Slate_N.uasset" 482
"../../../../UE-Projects/ForkliftBase/Content/StarterContent/Textures/T_Rock_Slate_D.uasset" 483
"../../../../UE-Projects/ForkliftBase/Content/StarterContent/Materials/M_Rock_Slate.uasset" 484
"../../../../UE-Projects/ForkliftBase/Content/StarterContent/Textures/T_Rock_Sandstone_N.uasset" 485
"../../../../UE-Projects/ForkliftBase/Content/StarterContent/Textures/T_Rock_Sandstone_D.uasset" 486
"../../../../UE-Projects/ForkliftBase/Content/StarterContent/Materials/M_Rock_Sandstone.uasset" 487
"../../../../UE-Projects/ForkliftBase/Content/StarterContent/Textures/T_Rock_Marble_Polished_D.uasset" 488
"../../../../UE-Projects/ForkliftBase/Content/StarterContent/Materials/M_Rock_Marble_Polished.uasset" 489
"../../../../UE-Projects/ForkliftBase/Content/StarterContent/Textures/T_Rock_Basalt_N.uasset" 490
"../../../../UE-Projects/ForkliftBase/Content/StarterContent/Materials/M_Rock_Basalt.uasset" 491
"../../../../UE-Projects/ForkliftBase/Content/StarterContent/Textures/T_Metal_Steel_N.uasset" 492
"../../../../UE-Projects/ForkliftBase/Content/StarterContent/Materials/M_Metal_Steel.uasset" 493
"../../../../UE-Projects/ForkliftBase/Content/StarterContent/Textures/T_Metal_Rust_D.uasset" 494
"../../../../UE-Projects/ForkliftBase/Content/StarterContent/Textures/T_Metal_Rust_N.uasset" 495
"../../../../UE-Projects/ForkliftBase/Content/StarterContent/Materials/M_Metal_Rust.uasset" 496
"../../../../UE-Projects/ForkliftBase/Content/StarterContent/Textures/T_Metal_Gold_D.uasset" 497
"../../../../UE-Projects/ForkliftBase/Content/StarterContent/Materials/M_Metal_Gold.uasset" 498
"../../../../UE-Projects/ForkliftBase/Content/StarterContent/Textures/T_Metal_Copper_D.uasset" 499
"../../../../UE-Projects/ForkliftBase/Content/StarterContent/Materials/M_Metal_Copper.uasset" 500
"../../../../UE-Projects/ForkliftBase/Content/StarterContent/Materials/M_Metal_Chrome.uasset" 501
"../../../../UE-Projects/ForkliftBase/Content/StarterContent/Textures/T_Ground_Moss_N.uasset" 502
"../../../../UE-Projects/ForkliftBase/Content/StarterContent/Textures/T_ground_Moss_D.uasset" 503
"../../../../UE-Projects/ForkliftBase/Content/StarterContent/Materials/M_Ground_Moss.uasset" 504
"../../../../UE-Projects/ForkliftBase/Content/StarterContent/Textures/T_Ground_Gravel_N.uasset" 505
"../../../../UE-Projects/ForkliftBase/Content/StarterContent/Textures/T_Ground_Gravel_D.uasset" 506
"../../../../UE-Projects/ForkliftBase/Content/StarterContent/Materials/M_Ground_Gravel.uasset" 507
"../../../../UE-Projects/ForkliftBase/Content/StarterContent/Textures/T_Ground_Grass_N.uasset" 508
"../../../../UE-Projects/ForkliftBase/Content/StarterContent/Textures/T_Ground_Grass_D.uasset" 509
"../../../../UE-Projects/ForkliftBase/Content/StarterContent/Materials/M_Ground_Grass.uasset" 510
"../../../../UE-Projects/ForkliftBase/Content/StarterContent/Textures/T_Concrete_Tiles_Variation_M.uasset" 511
"../../../../UE-Projects/ForkliftBase/Content/StarterContent/Textures/T_Concrete_Tiles_N.uasset" 512
"../../../../UE-Projects/ForkliftBase/Content/StarterContent/Textures/T_Concrete_Tiles_M.uasset" 513
"../../../../UE-Projects/ForkliftBase/Content/StarterContent/Textures/T_Concrete_Tiles_D.uasset" 514
"../../../../UE-Projects/ForkliftBase/Content/StarterContent/Materials/M_Concrete_Tiles.uasset" 515
"../../../../UE-Projects/ForkliftBase/Content/StarterContent/Textures/T_Concrete_Panels_N.uasset" 516
"../../../../UE-Projects/ForkliftBase/Content/StarterContent/Textures/T_Concrete_Panels_D.uasset" 517
"../../../../UE-Projects/ForkliftBase/Content/StarterContent/Materials/M_Concrete_Panels.uasset" 518
"../../../../UE-Projects/ForkliftBase/Content/StarterContent/Textures/T_Concrete_Grime_D.uasset" 519
"../../../../UE-Projects/ForkliftBase/Content/StarterContent/Materials/M_Concrete_Grime.uasset" 520
"../../../../UE-Projects/ForkliftBase/Content/StarterContent/Textures/T_CobbleStone_Smooth_N.uasset" 521
"../../../../UE-Projects/ForkliftBase/Content/StarterContent/Textures/T_CobbleStone_Smooth_M.uasset" 522
"../../../../UE-Projects/ForkliftBase/Content/StarterContent/Textures/T_CobbleStone_Smooth_D.uasset" 523
"../../../../UE-Projects/ForkliftBase/Content/StarterContent/Textures/T_Rock_Smooth_Granite_D.uasset" 524
"../../../../UE-Projects/ForkliftBase/Content/StarterContent/Textures/T_Gradinet_01.uasset" 525
"../../../../UE-Projects/ForkliftBase/Content/StarterContent/Materials/M_CobbleStone_Smooth.uasset" 526
"../../../../UE-Projects/ForkliftBase/Content/StarterContent/Textures/T_CobbleStone_Rough_N.uasset" 527
"../../../../UE-Projects/ForkliftBase/Content/StarterContent/Textures/T_CobbleStone_Rough_D.uasset" 528
"../../../../UE-Projects/ForkliftBase/Content/StarterContent/Materials/M_CobbleStone_Rough.uasset" 529
"../../../../UE-Projects/ForkliftBase/Content/StarterContent/Textures/T_CobbleStone_Pebble_N.uasset" 530
"../../../../UE-Projects/ForkliftBase/Content/StarterContent/Textures/T_CobbleStone_Pebble_M.uasset" 531
"../../../../UE-Projects/ForkliftBase/Content/StarterContent/Textures/T_CobbleStone_Pebble_D.uasset" 532
"../../../../UE-Projects/ForkliftBase/Content/StarterContent/Materials/M_CobbleStone_Pebble.uasset" 533
"../../../../UE-Projects/ForkliftBase/Content/StarterContent/Textures/T_Ceramic_Tile_N.uasset" 534
"../../../../UE-Projects/ForkliftBase/Content/StarterContent/Textures/T_Ceramic_Tile_M.uasset" 535
"../../../../UE-Projects/ForkliftBase/Content/StarterContent/Materials/M_Ceramic_Tile_Checker.uasset" 536
"../../../../UE-Projects/ForkliftBase/Content/StarterContent/Textures/T_Brick_Hewn_Stone_N.uasset" 537
"../../../../UE-Projects/ForkliftBase/Content/StarterContent/Textures/T_Brick_Hewn_Stone_M.uasset" 538
"../../../../UE-Projects/ForkliftBase/Content/StarterContent/Textures/T_Brick_Hewn_Stone_D.uasset" 539
"../../../../UE-Projects/ForkliftBase/Content/StarterContent/Materials/M_Brick_Hewn_Stone.uasset" 540
"../../../../UE-Projects/ForkliftBase/Content/StarterContent/Textures/T_Brick_Cut_Stone_N.uasset" 541
"../../../../UE-Projects/ForkliftBase/Content/StarterContent/Textures/T_Brick_Cut_Stone_D.uasset" 542
"../../../../UE-Projects/ForkliftBase/Content/StarterContent/Materials/M_Brick_Cut_Stone.uasset" 543
"../../../../UE-Projects/ForkliftBase/Content/StarterContent/Textures/T_Brick_Clay_Old_N.uasset" 544
"../../../../UE-Projects/ForkliftBase/Content/StarterContent/Textures/T_Brick_Clay_Old_D.uasset" 545
"../../../../UE-Projects/ForkliftBase/Content/StarterContent/Materials/M_Brick_Clay_Old.uasset" 546
"../../../../UE-Projects/ForkliftBase/Content/StarterContent/Textures/T_Brick_Clay_New_N.uasset" 547
"../../../../UE-Projects/ForkliftBase/Content/StarterContent/Textures/T_Brick_Clay_New_M.uasset" 548
"../../../../UE-Projects/ForkliftBase/Content/StarterContent/Textures/T_Brick_Clay_New_D.uasset" 549
"../../../../UE-Projects/ForkliftBase/Content/StarterContent/Materials/M_Brick_Clay_New.uasset" 550
"../../../../UE-Projects/ForkliftBase/Content/StarterContent/Textures/T_Brick_Clay_Beveled_N.uasset" 551
"../../../../UE-Projects/ForkliftBase/Content/StarterContent/Textures/T_Brick_Clay_Beveled_M.uasset" 552
"../../../../UE-Projects/ForkliftBase/Content/StarterContent/Textures/T_Brick_Clay_Beveled_D.uasset" 553
"../../../../UE-Projects/ForkliftBase/Content/StarterContent/Materials/M_Brick_Clay_Beveled.uasset" 554
"../../../Engine/Content/Functions/Engine_MaterialFunctions03/Procedurals/ComputeFilterWidth.uasset" 555
"../../../Engine/Content/EngineMaterials/AntiAliasedTextMaterialTranslucent.uasset" 556
"../../../../UE-Projects/ForkliftBase/Content/StarterContent/Maps/StarterMap_BuiltData.uasset" 557
"../../../../UE-Projects/ForkliftBase/Content/StarterContent/Textures/T_Concrete_Poured_N.uasset" 558
"../../../../UE-Projects/ForkliftBase/Content/StarterContent/Textures/T_Concrete_Poured_D.uasset" 559
"../../../../UE-Projects/ForkliftBase/Content/StarterContent/Materials/M_Concrete_Poured.uasset" 560
"../../../../UE-Projects/ForkliftBase/Content/StarterContent/Maps/StarterMap.umap" 561
"../../../Engine/Content/Maps/Entry_BuiltData.uasset" 562
"../../../Engine/Content/Maps/Entry.umap" 563
